<?xml version="1.0" encoding="UTF-8"?>
<!-- Generated by org.testng.reporters.JUnitXMLReporter -->
<testsuite ignored="0" hostname="LAPTOP-M6Q8BES5" failures="0" tests="4" name="Default test" time="93.18" errors="0" timestamp="2020-12-04T17:38:02 EST">
  <testcase classname="testauto2.NewYork" name="f" time="24.845"/>
  <testcase classname="testauto2.NewYork" name="f" time="20.637"/>
  <testcase classname="testauto2.NewYork" name="f" time="23.531"/>
  <testcase classname="testauto2.NewYork" name="f" time="23.941"/>
</testsuite> <!-- Default test -->
