<?xml version="1.0" encoding="UTF-8"?>
<testng-results ignored="0" total="4" passed="4" failed="0" skipped="0">
  <reporter-output>
  </reporter-output>
  <suite started-at="2020-12-04T17:36:28 EST" name="Default suite" finished-at="2020-12-04T17:38:01 EST" duration-ms="93180">
    <groups>
    </groups>
    <test started-at="2020-12-04T17:36:28 EST" name="Default test" finished-at="2020-12-04T17:38:01 EST" duration-ms="93180">
      <class name="testauto2.NewYork">
        <test-method signature="f(java.lang.String, java.lang.String, java.lang.String, java.lang.String)[pri:0, instance:testauto2.NewYork@45b9a632]" started-at="2020-12-04T17:36:28 EST" name="f" data-provider="dp2" finished-at="2020-12-04T17:36:53 EST" duration-ms="24845" status="PASS">
          <params>
            <param index="0">
              <value>
                <![CDATA[Tina]]>
              </value>
            </param>
            <param index="1">
              <value>
                <![CDATA[Rahman]]>
              </value>
            </param>
            <param index="2">
              <value>
                <![CDATA[email@gmail.com]]>
              </value>
            </param>
            <param index="3">
              <value>
                <![CDATA[how are you?]]>
              </value>
            </param>
          </params>
          <reporter-output>
          </reporter-output>
        </test-method> <!-- f -->
        <test-method signature="f(java.lang.String, java.lang.String, java.lang.String, java.lang.String)[pri:0, instance:testauto2.NewYork@45b9a632]" started-at="2020-12-04T17:36:53 EST" name="f" data-provider="dp2" finished-at="2020-12-04T17:37:14 EST" duration-ms="20637" status="PASS">
          <params>
            <param index="0">
              <value>
                <![CDATA[ruk]]>
              </value>
            </param>
            <param index="1">
              <value>
                <![CDATA[dd]]>
              </value>
            </param>
            <param index="2">
              <value>
                <![CDATA[hshshs]]>
              </value>
            </param>
            <param index="3">
              <value>
                <![CDATA[what is this ?]]>
              </value>
            </param>
          </params>
          <reporter-output>
          </reporter-output>
        </test-method> <!-- f -->
        <test-method signature="f(java.lang.String, java.lang.String, java.lang.String, java.lang.String)[pri:0, instance:testauto2.NewYork@45b9a632]" started-at="2020-12-04T17:37:14 EST" name="f" data-provider="dp2" finished-at="2020-12-04T17:37:37 EST" duration-ms="23531" status="PASS">
          <params>
            <param index="0">
              <value>
                <![CDATA[abby]]>
              </value>
            </param>
            <param index="1">
              <value>
                <![CDATA[wwywy]]>
              </value>
            </param>
            <param index="2">
              <value>
                <![CDATA[email112]]>
              </value>
            </param>
            <param index="3">
              <value>
                <![CDATA[what are your doing]]>
              </value>
            </param>
          </params>
          <reporter-output>
          </reporter-output>
        </test-method> <!-- f -->
        <test-method signature="f(java.lang.String, java.lang.String, java.lang.String, java.lang.String)[pri:0, instance:testauto2.NewYork@45b9a632]" started-at="2020-12-04T17:37:37 EST" name="f" data-provider="dp2" finished-at="2020-12-04T17:38:01 EST" duration-ms="23941" status="PASS">
          <params>
            <param index="0">
              <value>
                <![CDATA[ababa]]>
              </value>
            </param>
            <param index="1">
              <value>
                <![CDATA[sgsgs]]>
              </value>
            </param>
            <param index="2">
              <value>
                <![CDATA[emailssss]]>
              </value>
            </param>
            <param index="3">
              <value>
                <![CDATA[where are you ?]]>
              </value>
            </param>
          </params>
          <reporter-output>
          </reporter-output>
        </test-method> <!-- f -->
      </class> <!-- testauto2.NewYork -->
    </test> <!-- Default test -->
  </suite> <!-- Default suite -->
</testng-results>
